<?xml version="1.0" encoding="UTF-8"?>
<!-- Generated by org.testng.reporters.JUnitReportReporter -->
<testsuite hostname="BLRIDC52024246" failures="0" tests="1" name="TestCases.TestCase01" time="25.569" errors="0" timestamp="2020-06-02T16:25:32 IST" skipped="0">
  <testcase classname="TestCases.TestCase01" name="loginTest" time="25.569"/>
</testsuite> <!-- TestCases.TestCase01 -->
